<?xml version="1.0" encoding="UTF-8"?>
<testsuite xmlns:xsi="http://www.w3.org/2001/XMLSchema-instance" xsi:noNamespaceSchemaLocation="https://maven.apache.org/surefire/maven-surefire-plugin/xsd/surefire-test-report-3.0.xsd" version="3.0" name="com.example.OrderApiTests" time="1.78" tests="2" errors="0" skipped="0" failures="2">
  <properties>
[...]
</properties>
  <testcase name="testGetOrder" classname="com.example.OrderApiTests" time="1.69">
    <failure type="java.lang.AssertionError"><![CDATA[java.lang.AssertionError: 
1 expectation failed.
Expected status code <200> but was <403>.

	at com.example.OrderApiTests.testGetOrder(OrderApiTests.java:42)
]]></failure>
  </testcase>
  <testcase name="testCreateOrder" classname="com.example.OrderApiTests" time="0.067">
    <failure type="java.lang.AssertionError"><![CDATA[java.lang.AssertionError: 
1 expectation failed.
Expected status code <201> but was <403>.

	at com.example.OrderApiTests.testCreateOrder(OrderApiTests.java:32)
]]></failure>
  </testcase>
</testsuite>